# JRE version: OpenJDK Runtime Environment (8.0_152-b02) (build 1.8.0_152-release-1024-b02)
# Java VM: OpenJDK 64-Bit Server VM (25.152-b02 mixed mode windows-amd64 compressed oops)
Heap:
 PSYoungGen      total 406016K, used 245008K [0x00000000e0000000, 0x0000000100000000, 0x0000000100000000)
  eden space 301568K, 81% used [0x00000000e0000000,0x00000000eef443e0,0x00000000f2680000)
  from space 104448K, 0% used [0x00000000f2680000,0x00000000f2680000,0x00000000f8c80000)
  to   space 103936K, 0% used [0x00000000f9a80000,0x00000000f9a80000,0x0000000100000000)
 ParOldGen       total 442880K, used 84731K [0x00000000a0000000, 0x00000000bb080000, 0x00000000e0000000)
  object space 442880K, 19% used [0x00000000a0000000,0x00000000a52bef80,0x00000000bb080000)
 Metaspace       used 143250K, capacity 151601K, committed 163776K, reserved 1191936K
  class space    used 17746K, capacity 19306K, committed 21504K, reserved 1048576K
GC Heap History (10 events):
Event: 2990.553 GC heap before
{Heap before GC invocations=62 (full 4):
 PSYoungGen      total 320000K, used 316057K [0x00000000e0000000, 0x00000000ff380000, 0x0000000100000000)
  eden space 292352K, 98% used [0x00000000e0000000,0x00000000f19c7e60,0x00000000f1d80000)
  from space 27648K, 99% used [0x00000000f1d80000,0x00000000f385e7b0,0x00000000f3880000)
  to   space 109568K, 0% used [0x00000000f8880000,0x00000000f8880000,0x00000000ff380000)
 ParOldGen       total 363520K, used 264123K [0x00000000a0000000, 0x00000000b6300000, 0x00000000e0000000)
  object space 363520K, 72% used [0x00000000a0000000,0x00000000b01eedb0,0x00000000b6300000)
 Metaspace       used 151831K, capacity 163121K, committed 163160K, reserved 1191936K
  class space    used 19043K, capacity 21348K, committed 21376K, reserved 1048576K
Event: 2990.565 GC heap after
Heap after GC invocations=62 (full 4):
 PSYoungGen      total 407552K, used 30535K [0x00000000e0000000, 0x00000000ff480000, 0x0000000100000000)
  eden space 297984K, 0% used [0x00000000e0000000,0x00000000e0000000,0x00000000f2300000)
  from space 109568K, 27% used [0x00000000f8880000,0x00000000fa651ff0,0x00000000ff380000)
  to   space 103936K, 0% used [0x00000000f2300000,0x00000000f2300000,0x00000000f8880000)
 ParOldGen       total 363520K, used 264227K [0x00000000a0000000, 0x00000000b6300000, 0x00000000e0000000)
  object space 363520K, 72% used [0x00000000a0000000,0x00000000b0208db0,0x00000000b6300000)
 Metaspace       used 151831K, capacity 163121K, committed 163160K, reserved 1191936K
  class space    used 19043K, capacity 21348K, committed 21376K, reserved 1048576K
}
Event: 3028.683 GC heap before
{Heap before GC invocations=63 (full 4):
 PSYoungGen      total 407552K, used 328519K [0x00000000e0000000, 0x00000000ff480000, 0x0000000100000000)
  eden space 297984K, 100% used [0x00000000e0000000,0x00000000f2300000,0x00000000f2300000)
  from space 109568K, 27% used [0x00000000f8880000,0x00000000fa651ff0,0x00000000ff380000)
  to   space 103936K, 0% used [0x00000000f2300000,0x00000000f2300000,0x00000000f8880000)
 ParOldGen       total 363520K, used 264227K [0x00000000a0000000, 0x00000000b6300000, 0x00000000e0000000)
  object space 363520K, 72% used [0x00000000a0000000,0x00000000b0208db0,0x00000000b6300000)
 Metaspace       used 152307K, capacity 163683K, committed 163776K, reserved 1191936K
  class space    used 19099K, capacity 21437K, committed 21504K, reserved 1048576K
Event: 3028.710 GC heap after
Heap after GC invocations=63 (full 4):
 PSYoungGen      total 401920K, used 37460K [0x00000000e0000000, 0x00000000fec00000, 0x0000000100000000)
  eden space 297984K, 0% used [0x00000000e0000000,0x00000000e0000000,0x00000000f2300000)
  from space 103936K, 36% used [0x00000000f2300000,0x00000000f4795338,0x00000000f8880000)
  to   space 97792K, 0% used [0x00000000f8c80000,0x00000000f8c80000,0x00000000fec00000)
 ParOldGen       total 363520K, used 264307K [0x00000000a0000000, 0x00000000b6300000, 0x00000000e0000000)
  object space 363520K, 72% used [0x00000000a0000000,0x00000000b021cdb0,0x00000000b6300000)
 Metaspace       used 152307K, capacity 163683K, committed 163776K, reserved 1191936K
  class space    used 19099K, capacity 21437K, committed 21504K, reserved 1048576K
}
Event: 3032.413 GC heap before
{Heap before GC invocations=64 (full 4):
 PSYoungGen      total 401920K, used 335444K [0x00000000e0000000, 0x00000000fec00000, 0x0000000100000000)
  eden space 297984K, 100% used [0x00000000e0000000,0x00000000f2300000,0x00000000f2300000)
  from space 103936K, 36% used [0x00000000f2300000,0x00000000f4795338,0x00000000f8880000)
  to   space 97792K, 0% used [0x00000000f8c80000,0x00000000f8c80000,0x00000000fec00000)
 ParOldGen       total 363520K, used 264307K [0x00000000a0000000, 0x00000000b6300000, 0x00000000e0000000)
  object space 363520K, 72% used [0x00000000a0000000,0x00000000b021cdb0,0x00000000b6300000)
 Metaspace       used 152332K, capacity 163687K, committed 163776K, reserved 1191936K
  class space    used 19101K, capacity 21437K, committed 21504K, reserved 1048576K
Event: 3032.474 GC heap after
Heap after GC invocations=64 (full 4):
 PSYoungGen      total 399360K, used 72646K [0x00000000e0000000, 0x00000000ffd80000, 0x0000000100000000)
  eden space 301568K, 0% used [0x00000000e0000000,0x00000000e0000000,0x00000000f2680000)
  from space 97792K, 74% used [0x00000000f8c80000,0x00000000fd371a90,0x00000000fec00000)
  to   space 104448K, 0% used [0x00000000f2680000,0x00000000f2680000,0x00000000f8c80000)
 ParOldGen       total 363520K, used 264331K [0x00000000a0000000, 0x00000000b6300000, 0x00000000e0000000)
  object space 363520K, 72% used [0x00000000a0000000,0x00000000b0222db0,0x00000000b6300000)
 Metaspace       used 152332K, capacity 163687K, committed 163776K, reserved 1191936K
  class space    used 19101K, capacity 21437K, committed 21504K, reserved 1048576K
}
Event: 3032.853 GC heap before
{Heap before GC invocations=65 (full 4):
 PSYoungGen      total 399360K, used 185516K [0x00000000e0000000, 0x00000000ffd80000, 0x0000000100000000)
  eden space 301568K, 37% used [0x00000000e0000000,0x00000000e6e39630,0x00000000f2680000)
  from space 97792K, 74% used [0x00000000f8c80000,0x00000000fd371a90,0x00000000fec00000)
  to   space 104448K, 0% used [0x00000000f2680000,0x00000000f2680000,0x00000000f8c80000)
 ParOldGen       total 363520K, used 264331K [0x00000000a0000000, 0x00000000b6300000, 0x00000000e0000000)
  object space 363520K, 72% used [0x00000000a0000000,0x00000000b0222db0,0x00000000b6300000)
 Metaspace       used 152347K, capacity 163699K, committed 163776K, reserved 1191936K
  class space    used 19102K, capacity 21439K, committed 21504K, reserved 1048576K
Event: 3032.863 GC heap after
Heap after GC invocations=65 (full 4):
 PSYoungGen      total 406016K, used 9080K [0x00000000e0000000, 0x0000000100000000, 0x0000000100000000)
  eden space 301568K, 0% used [0x00000000e0000000,0x00000000e0000000,0x00000000f2680000)
  from space 104448K, 8% used [0x00000000f2680000,0x00000000f2f5e358,0x00000000f8c80000)
  to   space 103936K, 0% used [0x00000000f9a80000,0x00000000f9a80000,0x0000000100000000)
 ParOldGen       total 363520K, used 264427K [0x00000000a0000000, 0x00000000b6300000, 0x00000000e0000000)
  object space 363520K, 72% used [0x00000000a0000000,0x00000000b023adb0,0x00000000b6300000)
 Metaspace       used 152347K, capacity 163699K, committed 163776K, reserved 1191936K
  class space    used 19102K, capacity 21439K, committed 21504K, reserved 1048576K
}
Event: 3032.863 GC heap before
{Heap before GC invocations=66 (full 5):
 PSYoungGen      total 406016K, used 9080K [0x00000000e0000000, 0x0000000100000000, 0x0000000100000000)
  eden space 301568K, 0% used [0x00000000e0000000,0x00000000e0000000,0x00000000f2680000)
  from space 104448K, 8% used [0x00000000f2680000,0x00000000f2f5e358,0x00000000f8c80000)
  to   space 103936K, 0% used [0x00000000f9a80000,0x00000000f9a80000,0x0000000100000000)
 ParOldGen       total 363520K, used 264427K [0x00000000a0000000, 0x00000000b6300000, 0x00000000e0000000)
  object space 363520K, 72% used [0x00000000a0000000,0x00000000b023adb0,0x00000000b6300000)
 Metaspace       used 152347K, capacity 163699K, committed 163776K, reserved 1191936K
  class space    used 19102K, capacity 21439K, committed 21504K, reserved 1048576K
Event: 3033.239 GC heap after
Heap after GC invocations=66 (full 5):
 PSYoungGen      total 406016K, used 0K [0x00000000e0000000, 0x0000000100000000, 0x0000000100000000)
  eden space 301568K, 0% used [0x00000000e0000000,0x00000000e0000000,0x00000000f2680000)
  from space 104448K, 0% used [0x00000000f2680000,0x00000000f2680000,0x00000000f8c80000)
  to   space 103936K, 0% used [0x00000000f9a80000,0x00000000f9a80000,0x0000000100000000)
 ParOldGen       total 442880K, used 84731K [0x00000000a0000000, 0x00000000bb080000, 0x00000000e0000000)
  object space 442880K, 19% used [0x00000000a0000000,0x00000000a52bef80,0x00000000bb080000)
 Metaspace       used 143221K, capacity 151533K, committed 163776K, reserved 1191936K
  class space    used 17745K, capacity 19306K, committed 21504K, reserved 1048576K
}

